0 info it worked if it ends with ok
1 verbose cli [ '/home/ubuntu/.nvm/versions/node/v4.7.3/bin/node',
1 verbose cli   '/home/ubuntu/.nvm/versions/node/v4.7.3/bin/npm',
1 verbose cli   'install',
1 verbose cli   'mongodb@>=3.2.13',
1 verbose cli   '--save',
1 verbose cli   '--save-exact' ]
2 info using npm@2.15.11
3 info using node@v4.7.3
4 verbose install initial load of /home/ubuntu/workspace/url_shortener/package.json
5 warn package.json url_shortener@1.0.0 No description
6 warn package.json url_shortener@1.0.0 No repository field.
7 warn package.json url_shortener@1.0.0 No README data
8 verbose installManyTop reading scoped package data from /home/ubuntu/workspace/url_shortener/node_modules/body-parser/package.json
9 verbose installManyTop reading scoped package data from /home/ubuntu/workspace/url_shortener/node_modules/express/package.json
10 verbose installManyTop reading scoped package data from /home/ubuntu/workspace/url_shortener/node_modules/mongoose/package.json
11 verbose installManyTop reading scoped package data from /home/ubuntu/workspace/url_shortener/node_modules/pug/package.json
12 verbose installManyTop reading scoped package data from /home/ubuntu/workspace/url_shortener/node_modules/valid-url/package.json
13 info package.json valid-url@1.0.9 No license field.
14 verbose readDependencies loading dependencies from /home/ubuntu/workspace/url_shortener/package.json
15 silly cache add args [ 'mongodb@>=3.2.13', null ]
16 verbose cache add spec mongodb@>=3.2.13
17 silly cache add parsed spec Result {
17 silly cache add   raw: 'mongodb@>=3.2.13',
17 silly cache add   scope: null,
17 silly cache add   name: 'mongodb',
17 silly cache add   rawSpec: '>=3.2.13',
17 silly cache add   spec: '>=3.2.13',
17 silly cache add   type: 'range' }
18 silly addNamed mongodb@>=3.2.13
19 verbose addNamed ">=3.2.13" is a valid semver range for mongodb
20 silly addNameRange { name: 'mongodb', range: '>=3.2.13', hasData: false }
21 silly mapToRegistry name mongodb
22 silly mapToRegistry using default registry
23 silly mapToRegistry registry https://registry.npmjs.org/
24 silly mapToRegistry data Result {
24 silly mapToRegistry   raw: 'mongodb',
24 silly mapToRegistry   scope: null,
24 silly mapToRegistry   name: 'mongodb',
24 silly mapToRegistry   rawSpec: '',
24 silly mapToRegistry   spec: 'latest',
24 silly mapToRegistry   type: 'tag' }
25 silly mapToRegistry uri https://registry.npmjs.org/mongodb
26 verbose addNameRange registry:https://registry.npmjs.org/mongodb not in flight; fetching
27 verbose request uri https://registry.npmjs.org/mongodb
28 verbose request no auth needed
29 info attempt registry request try #1 at 12:59:38 PM
30 verbose request id f8a906f3fed61156
31 verbose etag W/"59251d59-97137"
32 verbose lastModified Wed, 24 May 2017 05:42:49 GMT
33 http request GET https://registry.npmjs.org/mongodb
34 http 304 https://registry.npmjs.org/mongodb
35 verbose headers { date: 'Fri, 26 May 2017 12:59:38 GMT',
35 verbose headers   via: '1.1 varnish',
35 verbose headers   'cache-control': 'max-age=300',
35 verbose headers   etag: 'W/"59251d59-97137"',
35 verbose headers   age: '0',
35 verbose headers   connection: 'keep-alive',
35 verbose headers   'x-served-by': 'cache-lcy1133-LCY',
35 verbose headers   'x-cache': 'HIT',
35 verbose headers   'x-cache-hits': '1',
35 verbose headers   'x-timer': 'S1495803579.845723,VS0,VE138',
35 verbose headers   vary: 'Accept-Encoding' }
36 silly get cb [ 304,
36 silly get   { date: 'Fri, 26 May 2017 12:59:38 GMT',
36 silly get     via: '1.1 varnish',
36 silly get     'cache-control': 'max-age=300',
36 silly get     etag: 'W/"59251d59-97137"',
36 silly get     age: '0',
36 silly get     connection: 'keep-alive',
36 silly get     'x-served-by': 'cache-lcy1133-LCY',
36 silly get     'x-cache': 'HIT',
36 silly get     'x-cache-hits': '1',
36 silly get     'x-timer': 'S1495803579.845723,VS0,VE138',
36 silly get     vary: 'Accept-Encoding' } ]
37 verbose etag https://registry.npmjs.org/mongodb from cache
38 verbose get saving mongodb to /home/ubuntu/.npm/registry.npmjs.org/mongodb/.cache.json
39 verbose correctMkdir /home/ubuntu/.npm correctMkdir not in flight; initializing
40 silly addNameRange number 2 { name: 'mongodb', range: '>=3.2.13', hasData: true }
41 silly addNameRange versions [ 'mongodb',
41 silly addNameRange   [ '0.9.4',
41 silly addNameRange     '0.9.4-4',
41 silly addNameRange     '0.9.3',
41 silly addNameRange     '0.9.1',
41 silly addNameRange     '0.9.2',
41 silly addNameRange     '0.9.6-7',
41 silly addNameRange     '0.9.6-8',
41 silly addNameRange     '0.9.6-9',
41 silly addNameRange     '0.9.6-10',
41 silly addNameRange     '0.9.6-11',
41 silly addNameRange     '0.9.6-12',
41 silly addNameRange     '0.9.6-13',
41 silly addNameRange     '0.9.6-14',
41 silly addNameRange     '0.9.6-15',
41 silly addNameRange     '0.9.6-16',
41 silly addNameRange     '0.9.6-17',
41 silly addNameRange     '0.9.6-18',
41 silly addNameRange     '0.9.6-19',
41 silly addNameRange     '0.9.6-20',
41 silly addNameRange     '0.9.6-21',
41 silly addNameRange     '0.9.6-22',
41 silly addNameRange     '0.9.6-23',
41 silly addNameRange     '0.9.7',
41 silly addNameRange     '0.9.7-0',
41 silly addNameRange     '0.9.7-1',
41 silly addNameRange     '0.9.7-1.1',
41 silly addNameRange     '0.9.7-1.2',
41 silly addNameRange     '0.9.7-1.3',
41 silly addNameRange     '0.9.7-1.4',
41 silly addNameRange     '0.9.7-2',
41 silly addNameRange     '0.9.7-2-1',
41 silly addNameRange     '0.9.7-2-2',
41 silly addNameRange     '0.9.7-2-3',
41 silly addNameRange     '0.9.7-2-4',
41 silly addNameRange     '0.9.7-2-5',
41 silly addNameRange     '0.9.7-3',
41 silly addNameRange     '0.9.7-3-1',
41 silly addNameRange     '0.9.7-3-2',
41 silly addNameRange     '0.9.7-3-3',
41 silly addNameRange     '0.9.7-3-4',
41 silly addNameRange     '0.9.7-3-5',
41 silly addNameRange     '0.9.8',
41 silly addNameRange     '0.9.8-1',
41 silly addNameRange     '0.9.8-2',
41 silly addNameRange     '0.9.8-3',
41 silly addNameRange     '0.9.8-4',
41 silly addNameRange     '0.9.8-5',
41 silly addNameRange     '0.9.8-6',
41 silly addNameRange     '0.9.8-7',
41 silly addNameRange     '0.9.9',
41 silly addNameRange     '0.9.9-1',
41 silly addNameRange     '0.9.9-2',
41 silly addNameRange     '0.9.9-3',
41 silly addNameRange     '0.9.9-4',
41 silly addNameRange     '0.9.9-5',
41 silly addNameRange     '0.9.9-6',
41 silly addNameRange     '0.9.9-7',
41 silly addNameRange     '0.9.9-8',
41 silly addNameRange     '1.0.0',
41 silly addNameRange     '1.0.1',
41 silly addNameRange     '1.0.2',
41 silly addNameRange     '1.1.0-beta',
41 silly addNameRange     '1.1.0',
41 silly addNameRange     '1.1.1',
41 silly addNameRange     '1.1.2',
41 silly addNameRange     '1.1.3',
41 silly addNameRange     '1.1.4',
41 silly addNameRange     '1.1.5',
41 silly addNameRange     '1.1.6',
41 silly addNameRange     '1.1.7',
41 silly addNameRange     '1.1.8',
41 silly addNameRange     '1.1.9',
41 silly addNameRange     '1.1.10',
41 silly addNameRange     '1.1.11',
41 silly addNameRange     '1.2.0',
41 silly addNameRange     '1.2.1',
41 silly addNameRange     '1.2.2',
41 silly addNameRange     '1.2.3',
41 silly addNameRange     '1.2.4',
41 silly addNameRange     '1.2.5',
41 silly addNameRange     '1.2.6',
41 silly addNameRange     '1.2.7',
41 silly addNameRange     '1.2.8',
41 silly addNameRange     '1.2.9',
41 silly addNameRange     '1.2.10',
41 silly addNameRange     '1.2.11',
41 silly addNameRange     '1.2.12',
41 silly addNameRange     '1.2.13',
41 silly addNameRange     '1.2.14',
41 silly addNameRange     '1.3.0',
41 silly addNameRange     '1.3.1',
41 silly addNameRange     '1.3.2',
41 silly addNameRange     '1.3.3',
41 silly addNameRange     '1.3.4',
41 silly addNameRange     '1.3.5',
41 silly addNameRange     '1.3.6',
41 silly addNameRange     '1.3.7',
41 silly addNameRange     '1.3.8',
41 silly addNameRange     '1.3.9',
41 silly addNameRange     '1.3.10',
41 silly addNameRange     '1.3.11',
41 silly addNameRange     '1.3.12',
41 silly addNameRange     '1.3.14',
41 silly addNameRange     '1.3.15',
41 silly addNameRange     '1.3.17',
41 silly addNameRange     '1.3.18',
41 silly addNameRange     '1.3.19',
41 silly addNameRange     '1.4.0-rc2',
41 silly addNameRange     '1.3.20',
41 silly addNameRange     '1.4.0-rc3',
41 silly addNameRange     '1.3.21',
41 silly addNameRange     '1.3.22',
41 silly addNameRange     '1.3.23',
41 silly addNameRange     '1.4.0-rc4',
41 silly addNameRange     '1.4.0-rc5',
41 silly addNameRange     '1.4.0-rc6',
41 silly addNameRange     '1.4.0-rc7',
41 silly addNameRange     '1.4.0-rc8',
41 silly addNameRange     '1.4.0-rc9',
41 silly addNameRange     '1.4.0-rc10',
41 silly addNameRange     '1.4.0',
41 silly addNameRange     '1.4.1',
41 silly addNameRange     '1.4.2',
41 silly addNameRange     '1.4.3',
41 silly addNameRange     '1.4.4',
41 silly addNameRange     '1.4.5',
41 silly addNameRange     '1.4.6',
41 silly addNameRange     '1.4.7',
41 silly addNameRange     '1.4.8',
41 silly addNameRange     '1.4.9',
41 silly addNameRange     '1.4.10',
41 silly addNameRange     '2.0.0-alpha1',
41 silly addNameRange     '1.4.11',
41 silly addNameRange     '1.4.12',
41 silly addNameRange     '1.4.14',
41 silly addNameRange     '1.4.15',
41 silly addNameRange     '1.4.16',
41 silly addNameRange     '1.4.17',
41 silly addNameRange     '2.0.0-alpha2',
41 silly addNameRange     '1.4.18',
41 silly addNameRange     '2.0.0',
41 silly addNameRange     '2.0.1',
41 silly addNameRange     '2.0.2',
41 silly addNameRange     '1.4.19',
41 silly addNameRange     '2.0.3',
41 silly addNameRange     '2.0.4',
41 silly addNameRange     '2.0.5',
41 silly addNameRange     '2.0.6',
41 silly addNameRange     '1.4.20',
41 silly addNameRange     '1.4.22',
41 silly addNameRange     '2.0.7',
41 silly addNameRange     '2.0.8',
41 silly addNameRange     '2.0.9',
41 silly addNameRange     '1.4.23',
41 silly addNameRange     '2.0.10',
41 silly addNameRange     '1.4.24',
41 silly addNameRange     '2.0.11',
41 silly addNameRange     '1.4.25',
41 silly addNameRange     '2.0.12',
41 silly addNameRange     '1.4.26',
41 silly addNameRange     '1.4.27',
41 silly addNameRange     '1.4.28',
41 silly addNameRange     '2.0.13',
41 silly addNameRange     '2.0.14',
41 silly addNameRange     '1.4.29',
41 silly addNameRange     '2.0.15',
41 silly addNameRange     '1.4.30',
41 silly addNameRange     '2.0.16',
41 silly addNameRange     '1.4.31',
41 silly addNameRange     '2.0.17',
41 silly addNameRange     '1.4.32',
41 silly addNameRange     '2.0.18',
41 silly addNameRange     '2.0.19',
41 silly addNameRange     '1.4.33',
41 silly addNameRange     '2.0.20',
41 silly addNameRange     '2.0.21',
41 silly addNameRange     '1.4.34',
41 silly addNameRange     '2.0.22',
41 silly addNameRange     '2.0.23',
41 silly addNameRange     '1.4.35',
41 silly addNameRange     '2.0.24',
41 silly addNameRange     '2.0.25',
41 silly addNameRange     '2.0.26',
41 silly addNameRange     '2.0.27',
41 silly addNameRange     '2.0.28',
41 silly addNameRange     '2.0.29',
41 silly addNameRange     '1.4.36',
41 silly addNameRange     '2.0.30',
41 silly addNameRange     '1.4.37',
41 silly addNameRange     '2.0.31',
41 silly addNameRange     '1.4.38',
41 silly addNameRange     '2.0.32',
41 silly addNameRange     '2.0.33',
41 silly addNameRange     '2.1.0-alpha',
41 silly addNameRange     '2.0.34',
41 silly addNameRange     '2.0.35',
41 silly addNameRange     '2.0.36',
41 silly addNameRange     '2.0.37',
41 silly addNameRange     '2.0.38',
41 silly addNameRange     '2.0.39',
41 silly addNameRange     '1.4.39',
41 silly addNameRange     '2.0.40',
41 silly addNameRange     '2.0.41',
41 silly addNameRange     '2.0.42',
41 silly addNameRange     '2.0.43',
41 silly addNameRange     '2.0.44',
41 silly addNameRange     '2.0.45',
41 silly addNameRange     '2.0.46',
41 silly addNameRange     '2.0.47',
41 silly addNameRange     '2.0.48',
41 silly addNameRange     '2.1.0-rc1',
41 silly addNameRange     '2.0.49',
41 silly addNameRange     '2.0.50',
41 silly addNameRange     '2.1.0',
41 silly addNameRange     '2.0.51',
41 silly addNameRange     '2.1.1',
41 silly addNameRange     '2.0.52',
41 silly addNameRange     '2.0.53',
41 silly addNameRange     '2.1.2',
41 silly addNameRange     '2.1.3',
41 silly addNameRange     '2.0.54',
41 silly addNameRange     '2.0.55',
41 silly addNameRange     '1.4.40',
41 silly addNameRange     '2.1.4',
41 silly addNameRange     '2.1.5',
41 silly addNameRange     '2.1.6',
41 silly addNameRange     '2.1.7',
41 silly addNameRange     '2.1.8',
41 silly addNameRange     '2.1.9',
41 silly addNameRange     '2.1.10',
41 silly addNameRange     '2.1.11',
41 silly addNameRange     '2.1.12',
41 silly addNameRange     '2.1.13',
41 silly addNameRange     '2.1.14',
41 silly addNameRange     '2.1.15',
41 silly addNameRange     '2.1.16',
41 silly addNameRange     '2.1.17',
41 silly addNameRange     '2.1.18',
41 silly addNameRange     '2.1.19',
41 silly addNameRange     '2.1.20',
41 silly addNameRange     '2.1.21',
41 silly addNameRange     '2.1.22-alpha',
41 silly addNameRange     '2.1.22-alpha2',
41 silly addNameRange     '2.1.22-alpha3',
41 silly addNameRange     '2.1.22-alpha4',
41 silly addNameRange     '2.2.0-alpha1',
41 silly addNameRange     '2.2.0-alpha2',
41 silly addNameRange     '2.2.0',
41 silly addNameRange     '2.2.1',
41 silly addNameRange     '2.2.2',
41 silly addNameRange     '2.2.3',
41 silly addNameRange     '2.2.4',
41 silly addNameRange     '2.2.5',
41 silly addNameRange     '2.2.6',
41 silly addNameRange     '2.2.7',
41 silly addNameRange     '2.2.8',
41 silly addNameRange     '2.2.9',
41 silly addNameRange     '2.2.10',
41 silly addNameRange     '2.2.11',
41 silly addNameRange     '2.2.12',
41 silly addNameRange     '2.2.13',
41 silly addNameRange     '2.2.14',
41 silly addNameRange     '2.2.15',
41 silly addNameRange     '2.2.16',
41 silly addNameRange     '2.2.17',
41 silly addNameRange     '2.2.18',
41 silly addNameRange     '2.2.19',
41 silly addNameRange     '2.2.20',
41 silly addNameRange     '2.2.21',
41 silly addNameRange     '2.2.22',
41 silly addNameRange     '2.2.23',
41 silly addNameRange     '2.2.24',
41 silly addNameRange     '2.2.25',
41 silly addNameRange     '2.2.26',
41 silly addNameRange     '2.2.27' ] ]
42 verbose stack Error: No compatible version found: mongodb@'>=3.2.13'
42 verbose stack Valid install targets:
42 verbose stack ["0.9.4","0.9.4-4","0.9.3","0.9.1","0.9.2","0.9.6-7","0.9.6-8","0.9.6-9","0.9.6-10","0.9.6-11","0.9.6-12","0.9.6-13","0.9.6-14","0.9.6-15","0.9.6-16","0.9.6-17","0.9.6-18","0.9.6-19","0.9.6-20","0.9.6-21","0.9.6-22","0.9.6-23","0.9.7","0.9.7-0","0.9.7-1","0.9.7-1.1","0.9.7-1.2","0.9.7-1.3","0.9.7-1.4","0.9.7-2","0.9.7-2-1","0.9.7-2-2","0.9.7-2-3","0.9.7-2-4","0.9.7-2-5","0.9.7-3","0.9.7-3-1","0.9.7-3-2","0.9.7-3-3","0.9.7-3-4","0.9.7-3-5","0.9.8","0.9.8-1","0.9.8-2","0.9.8-3","0.9.8-4","0.9.8-5","0.9.8-6","0.9.8-7","0.9.9","0.9.9-1","0.9.9-2","0.9.9-3","0.9.9-4","0.9.9-5","0.9.9-6","0.9.9-7","0.9.9-8","1.0.0","1.0.1","1.0.2","1.1.0-beta","1.1.0","1.1.1","1.1.2","1.1.3","1.1.4","1.1.5","1.1.6","1.1.7","1.1.8","1.1.9","1.1.10","1.1.11","1.2.0","1.2.1","1.2.2","1.2.3","1.2.4","1.2.5","1.2.6","1.2.7","1.2.8","1.2.9","1.2.10","1.2.11","1.2.12","1.2.13","1.2.14","1.3.0","1.3.1","1.3.2","1.3.3","1.3.4","1.3.5","1.3.6","1.3.7","1.3.8","1.3.9","1.3.10","1.3.11","1.3.12","1.3.14","1.3.15","1.3.17","1.3.18","1.3.19","1.4.0-rc2","1.3.20","1.4.0-rc3","1.3.21","1.3.22","1.3.23","1.4.0-rc4","1.4.0-rc5","1.4.0-rc6","1.4.0-rc7","1.4.0-rc8","1.4.0-rc9","1.4.0-rc10","1.4.0","1.4.1","1.4.2","1.4.3","1.4.4","1.4.5","1.4.6","1.4.7","1.4.8","1.4.9","1.4.10","2.0.0-alpha1","1.4.11","1.4.12","1.4.14","1.4.15","1.4.16","1.4.17","2.0.0-alpha2","1.4.18","2.0.0","2.0.1","2.0.2","1.4.19","2.0.3","2.0.4","2.0.5","2.0.6","1.4.20","1.4.22","2.0.7","2.0.8","2.0.9","1.4.23","2.0.10","1.4.24","2.0.11","1.4.25","2.0.12","1.4.26","1.4.27","1.4.28","2.0.13","2.0.14","1.4.29","2.0.15","1.4.30","2.0.16","1.4.31","2.0.17","1.4.32","2.0.18","2.0.19","1.4.33","2.0.20","2.0.21","1.4.34","2.0.22","2.0.23","1.4.35","2.0.24","2.0.25","2.0.26","2.0.27","2.0.28","2.0.29","1.4.36","2.0.30","1.4.37","2.0.31","1.4.38","2.0.32","2.0.33","2.1.0-alpha","2.0.34","2.0.35","2.0.36","2.0.37","2.0.38","2.0.39","1.4.39","2.0.40","2.0.41","2.0.42","2.0.43","2.0.44","2.0.45","2.0.46","2.0.47","2.0.48","2.1.0-rc1","2.0.49","2.0.50","2.1.0","2.0.51","2.1.1","2.0.52","2.0.53","2.1.2","2.1.3","2.0.54","2.0.55","1.4.40","2.1.4","2.1.5","2.1.6","2.1.7","2.1.8","2.1.9","2.1.10","2.1.11","2.1.12","2.1.13","2.1.14","2.1.15","2.1.16","2.1.17","2.1.18","2.1.19","2.1.20","2.1.21","2.1.22-alpha","2.1.22-alpha2","2.1.22-alpha3","2.1.22-alpha4","2.2.0-alpha1","2.2.0-alpha2","2.2.0","2.2.1","2.2.2","2.2.3","2.2.4","2.2.5","2.2.6","2.2.7","2.2.8","2.2.9","2.2.10","2.2.11","2.2.12","2.2.13","2.2.14","2.2.15","2.2.16","2.2.17","2.2.18","2.2.19","2.2.20","2.2.21","2.2.22","2.2.23","2.2.24","2.2.25","2.2.26","2.2.27"]
42 verbose stack
42 verbose stack     at installTargetsError (/home/ubuntu/.nvm/versions/node/v4.7.3/lib/node_modules/npm/lib/cache/add-named.js:284:12)
42 verbose stack     at next (/home/ubuntu/.nvm/versions/node/v4.7.3/lib/node_modules/npm/lib/cache/add-named.js:262:19)
42 verbose stack     at setData (/home/ubuntu/.nvm/versions/node/v4.7.3/lib/node_modules/npm/lib/cache/add-named.js:236:5)
42 verbose stack     at RES (/home/ubuntu/.nvm/versions/node/v4.7.3/lib/node_modules/npm/node_modules/inflight/inflight.js:23:14)
42 verbose stack     at f (/home/ubuntu/.nvm/versions/node/v4.7.3/lib/node_modules/npm/node_modules/once/once.js:25:25)
42 verbose stack     at fixName (/home/ubuntu/.nvm/versions/node/v4.7.3/lib/node_modules/npm/lib/cache/add-named.js:29:5)
42 verbose stack     at saved (/home/ubuntu/.nvm/versions/node/v4.7.3/lib/node_modules/npm/lib/cache/caching-client.js:173:7)
42 verbose stack     at /home/ubuntu/.nvm/versions/node/v4.7.3/lib/node_modules/npm/node_modules/graceful-fs/polyfills.js:233:18
42 verbose stack     at FSReqWrap.oncomplete (fs.js:82:15)
43 verbose cwd /home/ubuntu/workspace/url_shortener
44 error Linux 4.9.17-c9
45 error argv "/home/ubuntu/.nvm/versions/node/v4.7.3/bin/node" "/home/ubuntu/.nvm/versions/node/v4.7.3/bin/npm" "install" "mongodb@>=3.2.13" "--save" "--save-exact"
46 error node v4.7.3
47 error npm  v2.15.11
48 error code ETARGET
49 error notarget No compatible version found: mongodb@'>=3.2.13'
49 error notarget Valid install targets:
49 error notarget ["0.9.4","0.9.4-4","0.9.3","0.9.1","0.9.2","0.9.6-7","0.9.6-8","0.9.6-9","0.9.6-10","0.9.6-11","0.9.6-12","0.9.6-13","0.9.6-14","0.9.6-15","0.9.6-16","0.9.6-17","0.9.6-18","0.9.6-19","0.9.6-20","0.9.6-21","0.9.6-22","0.9.6-23","0.9.7","0.9.7-0","0.9.7-1","0.9.7-1.1","0.9.7-1.2","0.9.7-1.3","0.9.7-1.4","0.9.7-2","0.9.7-2-1","0.9.7-2-2","0.9.7-2-3","0.9.7-2-4","0.9.7-2-5","0.9.7-3","0.9.7-3-1","0.9.7-3-2","0.9.7-3-3","0.9.7-3-4","0.9.7-3-5","0.9.8","0.9.8-1","0.9.8-2","0.9.8-3","0.9.8-4","0.9.8-5","0.9.8-6","0.9.8-7","0.9.9","0.9.9-1","0.9.9-2","0.9.9-3","0.9.9-4","0.9.9-5","0.9.9-6","0.9.9-7","0.9.9-8","1.0.0","1.0.1","1.0.2","1.1.0-beta","1.1.0","1.1.1","1.1.2","1.1.3","1.1.4","1.1.5","1.1.6","1.1.7","1.1.8","1.1.9","1.1.10","1.1.11","1.2.0","1.2.1","1.2.2","1.2.3","1.2.4","1.2.5","1.2.6","1.2.7","1.2.8","1.2.9","1.2.10","1.2.11","1.2.12","1.2.13","1.2.14","1.3.0","1.3.1","1.3.2","1.3.3","1.3.4","1.3.5","1.3.6","1.3.7","1.3.8","1.3.9","1.3.10","1.3.11","1.3.12","1.3.14","1.3.15","1.3.17","1.3.18","1.3.19","1.4.0-rc2","1.3.20","1.4.0-rc3","1.3.21","1.3.22","1.3.23","1.4.0-rc4","1.4.0-rc5","1.4.0-rc6","1.4.0-rc7","1.4.0-rc8","1.4.0-rc9","1.4.0-rc10","1.4.0","1.4.1","1.4.2","1.4.3","1.4.4","1.4.5","1.4.6","1.4.7","1.4.8","1.4.9","1.4.10","2.0.0-alpha1","1.4.11","1.4.12","1.4.14","1.4.15","1.4.16","1.4.17","2.0.0-alpha2","1.4.18","2.0.0","2.0.1","2.0.2","1.4.19","2.0.3","2.0.4","2.0.5","2.0.6","1.4.20","1.4.22","2.0.7","2.0.8","2.0.9","1.4.23","2.0.10","1.4.24","2.0.11","1.4.25","2.0.12","1.4.26","1.4.27","1.4.28","2.0.13","2.0.14","1.4.29","2.0.15","1.4.30","2.0.16","1.4.31","2.0.17","1.4.32","2.0.18","2.0.19","1.4.33","2.0.20","2.0.21","1.4.34","2.0.22","2.0.23","1.4.35","2.0.24","2.0.25","2.0.26","2.0.27","2.0.28","2.0.29","1.4.36","2.0.30","1.4.37","2.0.31","1.4.38","2.0.32","2.0.33","2.1.0-alpha","2.0.34","2.0.35","2.0.36","2.0.37","2.0.38","2.0.39","1.4.39","2.0.40","2.0.41","2.0.42","2.0.43","2.0.44","2.0.45","2.0.46","2.0.47","2.0.48","2.1.0-rc1","2.0.49","2.0.50","2.1.0","2.0.51","2.1.1","2.0.52","2.0.53","2.1.2","2.1.3","2.0.54","2.0.55","1.4.40","2.1.4","2.1.5","2.1.6","2.1.7","2.1.8","2.1.9","2.1.10","2.1.11","2.1.12","2.1.13","2.1.14","2.1.15","2.1.16","2.1.17","2.1.18","2.1.19","2.1.20","2.1.21","2.1.22-alpha","2.1.22-alpha2","2.1.22-alpha3","2.1.22-alpha4","2.2.0-alpha1","2.2.0-alpha2","2.2.0","2.2.1","2.2.2","2.2.3","2.2.4","2.2.5","2.2.6","2.2.7","2.2.8","2.2.9","2.2.10","2.2.11","2.2.12","2.2.13","2.2.14","2.2.15","2.2.16","2.2.17","2.2.18","2.2.19","2.2.20","2.2.21","2.2.22","2.2.23","2.2.24","2.2.25","2.2.26","2.2.27"]
49 error notarget
49 error notarget This is most likely not a problem with npm itself.
49 error notarget In most cases you or one of your dependencies are requesting
49 error notarget a package version that doesn't exist.
49 error notarget
49 error notarget It was specified as a dependency of 'url_shortener'
50 verbose exit [ 1, true ]
